[2020-04-15T01:16:53.283] [INFO] access - ::1 - - "OPTIONS /weapp/demo HTTP/1.1" 204 20 "http://localhost:8080/index.html" "Mozilla/5.0 (Macintosh; Intel Mac OS X 10_15_4) AppleWebKit/537.36 (KHTML, like Gecko) Chrome/80.0.3987.132 Safari/537.36"
[2020-04-15T01:16:53.293] [INFO] access - ::1 - - "GET /weapp/demo HTTP/1.1" 200 168 "http://localhost:8080/index.html" "Mozilla/5.0 (Macintosh; Intel Mac OS X 10_15_4) AppleWebKit/537.36 (KHTML, like Gecko) Chrome/80.0.3987.132 Safari/537.36"
[2020-04-15T01:21:08.281] [INFO] access - ::1 - - "GET /weapp/demo HTTP/1.1" 200 168 "" "Mozilla/5.0 (Macintosh; Intel Mac OS X 10_15_4) AppleWebKit/537.36 (KHTML, like Gecko) Chrome/80.0.3987.132 Safari/537.36"
[2020-04-15T01:21:08.613] [INFO] access - ::1 - - "GET /favicon.ico HTTP/1.1" 200 20 "http://localhost:5757/weapp/demo" "Mozilla/5.0 (Macintosh; Intel Mac OS X 10_15_4) AppleWebKit/537.36 (KHTML, like Gecko) Chrome/80.0.3987.132 Safari/537.36"
[2020-04-15T01:26:22.976] [INFO] access - ::1 - - "GET /weapp/demo HTTP/1.1" 200 168 "" "Mozilla/5.0 (Macintosh; Intel Mac OS X 10_15_4) AppleWebKit/537.36 (KHTML, like Gecko) Chrome/80.0.3987.132 Safari/537.36"
[2020-04-15T01:26:23.521] [INFO] access - ::1 - - "GET /favicon.ico HTTP/1.1" 200 20 "http://localhost:5757/weapp/demo" "Mozilla/5.0 (Macintosh; Intel Mac OS X 10_15_4) AppleWebKit/537.36 (KHTML, like Gecko) Chrome/80.0.3987.132 Safari/537.36"
[2020-04-15T01:26:27.688] [INFO] access - ::1 - - "OPTIONS /weapp/demo HTTP/1.1" 204 - "http://localhost:8080/index.html" "Mozilla/5.0 (Macintosh; Intel Mac OS X 10_15_4) AppleWebKit/537.36 (KHTML, like Gecko) Chrome/80.0.3987.132 Safari/537.36"
[2020-04-15T01:26:27.692] [INFO] access - ::1 - - "GET /weapp/demo HTTP/1.1" 200 168 "http://localhost:8080/index.html" "Mozilla/5.0 (Macintosh; Intel Mac OS X 10_15_4) AppleWebKit/537.36 (KHTML, like Gecko) Chrome/80.0.3987.132 Safari/537.36"
[2020-04-15T01:28:14.230] [INFO] access - ::1 - - "GET /weapp/demo HTTP/1.1" 200 168 "" "Mozilla/5.0 (Macintosh; Intel Mac OS X 10_15_4) AppleWebKit/537.36 (KHTML, like Gecko) Chrome/80.0.3987.132 Safari/537.36"
[2020-04-15T01:28:14.501] [INFO] access - ::1 - - "GET /favicon.ico HTTP/1.1" 200 20 "http://localhost:5757/weapp/demo" "Mozilla/5.0 (Macintosh; Intel Mac OS X 10_15_4) AppleWebKit/537.36 (KHTML, like Gecko) Chrome/80.0.3987.132 Safari/537.36"
[2020-04-15T01:28:58.692] [INFO] access - ::1 - - "OPTIONS /weapp/demo HTTP/1.1" 204 - "http://localhost:8080/index.html" "Mozilla/5.0 (Macintosh; Intel Mac OS X 10_15_4) AppleWebKit/537.36 (KHTML, like Gecko) Chrome/80.0.3987.132 Safari/537.36"
[2020-04-15T01:28:58.708] [INFO] access - ::1 - - "GET /weapp/demo HTTP/1.1" 404 - "http://localhost:8080/index.html" "Mozilla/5.0 (Macintosh; Intel Mac OS X 10_15_4) AppleWebKit/537.36 (KHTML, like Gecko) Chrome/80.0.3987.132 Safari/537.36"
[2020-04-15T01:28:59.348] [INFO] access - ::1 - - "GET /weapp/demo HTTP/1.1" 404 - "http://localhost:8080/index.html" "Mozilla/5.0 (Macintosh; Intel Mac OS X 10_15_4) AppleWebKit/537.36 (KHTML, like Gecko) Chrome/80.0.3987.132 Safari/537.36"
[2020-04-15T01:28:59.795] [INFO] access - ::1 - - "GET /weapp/demo HTTP/1.1" 404 - "http://localhost:8080/index.html" "Mozilla/5.0 (Macintosh; Intel Mac OS X 10_15_4) AppleWebKit/537.36 (KHTML, like Gecko) Chrome/80.0.3987.132 Safari/537.36"
[2020-04-15T01:29:13.496] [INFO] access - ::1 - - "OPTIONS /weapp/demo HTTP/1.1" 204 - "http://localhost:8080/index.html" "Mozilla/5.0 (Macintosh; Intel Mac OS X 10_15_4) AppleWebKit/537.36 (KHTML, like Gecko) Chrome/80.0.3987.132 Safari/537.36"
[2020-04-15T01:29:13.513] [INFO] access - ::1 - - "GET /weapp/demo HTTP/1.1" 200 168 "http://localhost:8080/index.html" "Mozilla/5.0 (Macintosh; Intel Mac OS X 10_15_4) AppleWebKit/537.36 (KHTML, like Gecko) Chrome/80.0.3987.132 Safari/537.36"
[2020-04-15T01:29:14.302] [INFO] access - ::1 - - "GET /weapp/demo HTTP/1.1" 200 168 "http://localhost:8080/index.html" "Mozilla/5.0 (Macintosh; Intel Mac OS X 10_15_4) AppleWebKit/537.36 (KHTML, like Gecko) Chrome/80.0.3987.132 Safari/537.36"
[2020-04-15T01:29:14.758] [INFO] access - ::1 - - "GET /weapp/demo HTTP/1.1" 200 168 "http://localhost:8080/index.html" "Mozilla/5.0 (Macintosh; Intel Mac OS X 10_15_4) AppleWebKit/537.36 (KHTML, like Gecko) Chrome/80.0.3987.132 Safari/537.36"
[2020-04-15T01:29:15.144] [INFO] access - ::1 - - "GET /weapp/demo HTTP/1.1" 200 168 "http://localhost:8080/index.html" "Mozilla/5.0 (Macintosh; Intel Mac OS X 10_15_4) AppleWebKit/537.36 (KHTML, like Gecko) Chrome/80.0.3987.132 Safari/537.36"
[2020-04-15T01:30:49.953] [INFO] access - ::1 - - "OPTIONS /weapp/demo HTTP/1.1" 204 - "http://localhost:8080/index.html" "Mozilla/5.0 (Macintosh; Intel Mac OS X 10_15_4) AppleWebKit/537.36 (KHTML, like Gecko) Chrome/80.0.3987.132 Safari/537.36"
[2020-04-15T01:30:49.961] [INFO] access - ::1 - - "GET /weapp/demo HTTP/1.1" 200 168 "http://localhost:8080/index.html" "Mozilla/5.0 (Macintosh; Intel Mac OS X 10_15_4) AppleWebKit/537.36 (KHTML, like Gecko) Chrome/80.0.3987.132 Safari/537.36"
[2020-04-15T01:31:55.158] [INFO] access - ::1 - - "OPTIONS /weapp/demo HTTP/1.1" 204 - "http://localhost:8080/index.html" "Mozilla/5.0 (Macintosh; Intel Mac OS X 10_15_4) AppleWebKit/537.36 (KHTML, like Gecko) Chrome/80.0.3987.132 Safari/537.36"
[2020-04-15T01:31:55.174] [INFO] access - ::1 - - "GET /weapp/demo HTTP/1.1" 200 168 "http://localhost:8080/index.html" "Mozilla/5.0 (Macintosh; Intel Mac OS X 10_15_4) AppleWebKit/537.36 (KHTML, like Gecko) Chrome/80.0.3987.132 Safari/537.36"
[2020-04-15T01:43:43.071] [INFO] access - ::1 - - "GET /weapp/demo HTTP/1.1" 200 168 "" "Mozilla/5.0 (Macintosh; Intel Mac OS X 10_15_4) AppleWebKit/537.36 (KHTML, like Gecko) Chrome/80.0.3987.132 Safari/537.36"
[2020-04-15T01:43:43.389] [INFO] access - ::1 - - "GET /favicon.ico HTTP/1.1" 200 20 "http://localhost:5757/weapp/demo" "Mozilla/5.0 (Macintosh; Intel Mac OS X 10_15_4) AppleWebKit/537.36 (KHTML, like Gecko) Chrome/80.0.3987.132 Safari/537.36"
[2020-04-15T01:44:48.433] [INFO] access - ::1 - - "GET /weapp/demo HTTP/1.1" 200 168 "" "Mozilla/5.0 (Macintosh; Intel Mac OS X 10_15_4) AppleWebKit/537.36 (KHTML, like Gecko) Chrome/80.0.3987.132 Safari/537.36"
[2020-04-15T01:44:48.697] [INFO] access - ::1 - - "GET /favicon.ico HTTP/1.1" 200 20 "http://localhost:5757/weapp/demo" "Mozilla/5.0 (Macintosh; Intel Mac OS X 10_15_4) AppleWebKit/537.36 (KHTML, like Gecko) Chrome/80.0.3987.132 Safari/537.36"
[2020-04-15T01:45:15.115] [INFO] access - ::1 - - "GET /weapp/demo HTTP/1.1" 200 168 "" "Mozilla/5.0 (Macintosh; Intel Mac OS X 10_15_4) AppleWebKit/537.36 (KHTML, like Gecko) Chrome/80.0.3987.132 Safari/537.36"
[2020-04-15T01:45:15.364] [INFO] access - ::1 - - "GET /favicon.ico HTTP/1.1" 200 20 "http://localhost:5757/weapp/demo" "Mozilla/5.0 (Macintosh; Intel Mac OS X 10_15_4) AppleWebKit/537.36 (KHTML, like Gecko) Chrome/80.0.3987.132 Safari/537.36"
[2020-04-15T05:28:12.622] [INFO] access - ::1 - - "OPTIONS /weapp/demo HTTP/1.1" 204 - "http://localhost:8080/index.html" "Mozilla/5.0 (Macintosh; Intel Mac OS X 10_15_4) AppleWebKit/537.36 (KHTML, like Gecko) Chrome/80.0.3987.132 Safari/537.36"
[2020-04-15T05:28:12.703] [INFO] access - ::1 - - "GET /weapp/demo HTTP/1.1" 200 168 "http://localhost:8080/index.html" "Mozilla/5.0 (Macintosh; Intel Mac OS X 10_15_4) AppleWebKit/537.36 (KHTML, like Gecko) Chrome/80.0.3987.132 Safari/537.36"
[2020-04-15T05:40:15.111] [INFO] access - ::1 - - "GET /weapp/login HTTP/1.1" 200 20 "" "Mozilla/5.0 (Macintosh; Intel Mac OS X 10_15_4) AppleWebKit/537.36 (KHTML, like Gecko) Chrome/80.0.3987.132 Safari/537.36"
[2020-04-15T05:40:15.472] [INFO] access - ::1 - - "GET /favicon.ico HTTP/1.1" 200 20 "http://localhost:5757/weapp/login" "Mozilla/5.0 (Macintosh; Intel Mac OS X 10_15_4) AppleWebKit/537.36 (KHTML, like Gecko) Chrome/80.0.3987.132 Safari/537.36"
[2020-04-15T05:40:44.584] [INFO] access - ::1 - - "OPTIONS /weapp/login HTTP/1.1" 200 20 "http://localhost:8080/index.html" "Mozilla/5.0 (Macintosh; Intel Mac OS X 10_15_4) AppleWebKit/537.36 (KHTML, like Gecko) Chrome/80.0.3987.132 Safari/537.36"
[2020-04-15T05:41:20.351] [INFO] access - ::1 - - "OPTIONS /weapp/login HTTP/1.1" 204 - "http://localhost:8080/index.html" "Mozilla/5.0 (Macintosh; Intel Mac OS X 10_15_4) AppleWebKit/537.36 (KHTML, like Gecko) Chrome/80.0.3987.132 Safari/537.36"
[2020-04-15T05:41:20.365] [INFO] access - ::1 - - "GET /weapp/login HTTP/1.1" 200 20 "http://localhost:8080/index.html" "Mozilla/5.0 (Macintosh; Intel Mac OS X 10_15_4) AppleWebKit/537.36 (KHTML, like Gecko) Chrome/80.0.3987.132 Safari/537.36"
[2020-04-15T05:41:21.729] [INFO] access - ::1 - - "GET /weapp/login HTTP/1.1" 200 20 "http://localhost:8080/index.html" "Mozilla/5.0 (Macintosh; Intel Mac OS X 10_15_4) AppleWebKit/537.36 (KHTML, like Gecko) Chrome/80.0.3987.132 Safari/537.36"
[2020-04-15T05:41:24.683] [INFO] access - ::1 - - "GET /weapp/login HTTP/1.1" 200 20 "http://localhost:8080/index.html" "Mozilla/5.0 (Macintosh; Intel Mac OS X 10_15_4) AppleWebKit/537.36 (KHTML, like Gecko) Chrome/80.0.3987.132 Safari/537.36"
[2020-04-15T05:41:25.740] [INFO] access - ::1 - - "OPTIONS /weapp/login HTTP/1.1" 204 - "http://localhost:8080/index.html" "Mozilla/5.0 (Macintosh; Intel Mac OS X 10_15_4) AppleWebKit/537.36 (KHTML, like Gecko) Chrome/80.0.3987.132 Safari/537.36"
[2020-04-15T05:41:25.743] [INFO] access - ::1 - - "GET /weapp/login HTTP/1.1" 200 20 "http://localhost:8080/index.html" "Mozilla/5.0 (Macintosh; Intel Mac OS X 10_15_4) AppleWebKit/537.36 (KHTML, like Gecko) Chrome/80.0.3987.132 Safari/537.36"
[2020-04-15T06:01:44.037] [INFO] access - ::1 - - "GET /weapp/login HTTP/1.1" 200 20 "" "Mozilla/5.0 (Macintosh; Intel Mac OS X 10_15_4) AppleWebKit/537.36 (KHTML, like Gecko) Chrome/80.0.3987.132 Safari/537.36"
[2020-04-15T06:01:44.402] [INFO] access - ::1 - - "GET /favicon.ico HTTP/1.1" 200 20 "http://localhost:5757/weapp/login" "Mozilla/5.0 (Macintosh; Intel Mac OS X 10_15_4) AppleWebKit/537.36 (KHTML, like Gecko) Chrome/80.0.3987.132 Safari/537.36"
